<?xml version="1.0" encoding="UTF-8"?>
<!-- Generated by org.testng.reporters.JUnitXMLReporter -->
<testsuite ignored="0" hostname="Akshay_Rana" failures="1" tests="14" name="Different Testing suit test" time="80.478" errors="0" timestamp="2021-09-05T14:18:03 IST">
  <testcase classname="com.TestNg.TestNgFirstValidation" name="googletitleTest" time="0.021"/>
  <testcase classname="com.TestNg.GoogleTest" name="googleTitleTest" time="0.018">
    <failure type="java.lang.AssertionError" message="Tile is not matched expected [Google123] but found [Google]">
      <![CDATA[java.lang.AssertionError: Tile is not matched expected [Google123] but found [Google]
at com.TestNg.GoogleTest.googleTitleTest(GoogleTest.java:42)
at java.base/java.util.ArrayList.forEach(ArrayList.java:1510)
... Removed 32 stack frames]]>
    </failure>
  </testcase> <!-- googleTitleTest -->
  <testcase classname="com.TestNg.GoogleTest" name="textBoxDisplayTest" time="0.145"/>
  <testcase classname="com.TestNg.GoogleTest" name="textBoxEnableTest" time="0.086"/>
  <testcase classname="com.TestNg.GoogleTest" name="textBoxSelectedTest" time="0.205"/>
  <testcase classname="com.TestNg.GoogleTest" name="mailLinkTest" time="0.16"/>
  <testcase classname="com.TestNg.GoogleTest" name="imagesLinkTest" time="0.035"/>
  <testcase classname="com.TestNg.GoogleTest" name="searchButtonTest" time="0.041"/>
  <testcase classname="com.TestNg.GoogleTest" name="feelingLuckyButtontest" time="0.167"/>
  <testcase classname="com.TestNg.invocationTestCout" name="sum" time="0.001"/>
  <testcase classname="com.TestNg.invocationTestCout" name="sum" time="0.001"/>
  <testcase classname="com.TestNg.invocationTestCout" name="sum" time="0.005"/>
  <testcase classname="com.TestNg.invocationTestCout" name="sum" time="0.004"/>
  <testcase classname="com.TestNg.invocationTestCout" name="sum" time="0.002"/>
</testsuite> <!-- Different Testing suit test -->
